[debug] [2022-10-24T17:39:26.929Z] ----------------------------------------------------------------------
[debug] [2022-10-24T17:39:26.932Z] Command:       C:\Program Files\nodejs\node.exe C:\Users\Gokul\AppData\Roaming\npm\node_modules\firebase-tools\lib\bin\firebase.js emulators:start
[debug] [2022-10-24T17:39:26.932Z] CLI Version:   10.9.2
[debug] [2022-10-24T17:39:26.933Z] Platform:      win32
[debug] [2022-10-24T17:39:26.933Z] Node Version:  v14.17.3
[debug] [2022-10-24T17:39:26.934Z] Time:          Mon Oct 24 2022 23:09:26 GMT+0530 (India Standard Time)
[debug] [2022-10-24T17:39:26.934Z] ----------------------------------------------------------------------
[debug] 
[debug] [2022-10-24T17:39:27.040Z] > command requires scopes: ["email","openid","https://www.googleapis.com/auth/cloudplatformprojects.readonly","https://www.googleapis.com/auth/firebase","https://www.googleapis.com/auth/cloud-platform"]
[debug] [2022-10-24T17:39:27.040Z] > authorizing via signed-in user (gokulkrish.elangovan10@gmail.com)
[info] i  emulators: Starting emulators: functions, hosting {"metadata":{"emulator":{"name":"hub"},"message":"Starting emulators: functions, hosting"}}
[debug] [2022-10-24T17:39:27.086Z] [hub] writing locator at C:\Users\Gokul\AppData\Local\Temp\hub-challange-c0e2b.json
[warn] !  functions: The following emulators are not running, calls to these services from the Functions emulator will affect production: auth, firestore, database, pubsub, storage {"metadata":{"emulator":{"name":"functions"},"message":"The following emulators are not running, calls to these services from the Functions emulator will affect production: \u001b[1mauth, firestore, database, pubsub, storage\u001b[22m"}}
[warn] !  Your requested "node" version "16" doesn't match your global version "14". Using node@14 from host. {"metadata":{"emulator":{"name":"functions"},"message":"Your requested \"node\" version \"16\" doesn't match your global version \"14\". Using node@14 from host."}}
[debug] [2022-10-24T17:39:27.962Z] defaultcredentials: writing to file C:\Users\Gokul\AppData\Roaming\firebase\gokulkrish_elangovan10_gmail.com_application_default_credentials.json
[debug] [2022-10-24T17:39:27.968Z] Setting GAC to C:\Users\Gokul\AppData\Roaming\firebase\gokulkrish_elangovan10_gmail.com_application_default_credentials.json {"metadata":{"emulator":{"name":"functions"},"message":"Setting GAC to C:\\Users\\Gokul\\AppData\\Roaming\\firebase\\gokulkrish_elangovan10_gmail.com_application_default_credentials.json"}}
[debug] [2022-10-24T17:39:27.970Z] > refreshing access token with scopes: []
[debug] [2022-10-24T17:39:27.971Z] >>> HTTP REQUEST POST https://www.googleapis.com/oauth2/v3/token  
 <request body omitted>
[debug] [2022-10-24T17:39:28.546Z] <<< HTTP RESPONSE 200 {"date":"Mon, 24 Oct 2022 17:39:28 GMT","pragma":"no-cache","expires":"Mon, 01 Jan 1990 00:00:00 GMT","cache-control":"no-cache, no-store, max-age=0, must-revalidate","content-type":"application/json; charset=utf-8","vary":"X-Origin, Referer, Origin,Accept-Encoding","server":"scaffolding on HTTPServer2","x-xss-protection":"0","x-frame-options":"SAMEORIGIN","x-content-type-options":"nosniff","alt-svc":"h3=\":443\"; ma=2592000,h3-29=\":443\"; ma=2592000,h3-Q050=\":443\"; ma=2592000,h3-Q046=\":443\"; ma=2592000,h3-Q043=\":443\"; ma=2592000,quic=\":443\"; ma=2592000; v=\"46,43\"","accept-ranges":"none","transfer-encoding":"chunked"}
[debug] [2022-10-24T17:39:28.563Z] >>> [apiv2][query] GET https://firebase.googleapis.com/v1beta1/projects/challange-c0e2b/adminSdkConfig [none]
[debug] [2022-10-24T17:39:29.210Z] <<< [apiv2][status] GET https://firebase.googleapis.com/v1beta1/projects/challange-c0e2b/adminSdkConfig 200
[debug] [2022-10-24T17:39:29.211Z] <<< [apiv2][body] GET https://firebase.googleapis.com/v1beta1/projects/challange-c0e2b/adminSdkConfig {"projectId":"challange-c0e2b","storageBucket":"challange-c0e2b.appspot.com","locationId":"us-central"}
[debug] [2022-10-24T17:39:29.236Z] >>> [apiv2][query] GET https://firebasehosting.googleapis.com/v1beta1/projects/challange-c0e2b/sites 
[debug] [2022-10-24T17:39:30.596Z] <<< [apiv2][status] GET https://firebasehosting.googleapis.com/v1beta1/projects/challange-c0e2b/sites 200
[debug] [2022-10-24T17:39:30.596Z] <<< [apiv2][body] GET https://firebasehosting.googleapis.com/v1beta1/projects/challange-c0e2b/sites {"sites":[{"name":"projects/challange-c0e2b/sites/challange-c0e2b","defaultUrl":"https://challange-c0e2b.web.app","type":"DEFAULT_SITE"}]}
[debug] [2022-10-24T17:39:30.597Z] >>> [apiv2][query] GET https://firebase.googleapis.com/v1beta1/projects/challange-c0e2b/webApps/-/config [none]
[debug] [2022-10-24T17:39:31.817Z] <<< [apiv2][status] GET https://firebase.googleapis.com/v1beta1/projects/challange-c0e2b/webApps/-/config 200
[debug] [2022-10-24T17:39:31.817Z] <<< [apiv2][body] GET https://firebase.googleapis.com/v1beta1/projects/challange-c0e2b/webApps/-/config {"projectId":"challange-c0e2b","storageBucket":"challange-c0e2b.appspot.com","locationId":"us-central","apiKey":"AIzaSyD7pwDUG-WvfaDivVPVM9WyLORa5-InuPE","authDomain":"challange-c0e2b.firebaseapp.com","messagingSenderId":"973265102142"}
[info] i  hosting: Serving hosting files from: build {"metadata":{"emulator":{"name":"hosting"},"message":"Serving hosting files from: \u001b[1mbuild\u001b[22m"}}
[info] +  hosting: Local server: http://localhost:5000 {"metadata":{"emulator":{"name":"hosting"},"message":"Local server: \u001b[4m\u001b[1mhttp://localhost:5000\u001b[22m\u001b[24m"}}
[warn] !  ui: Emulator UI unable to start on port 4000, starting on 4001 instead. {"metadata":{"emulator":{"name":"ui"},"message":"Emulator UI unable to start on port 4000, starting on 4001 instead."}}
[debug] [2022-10-24T17:39:31.950Z] Ignoring unsupported arg: auto_download {"metadata":{"emulator":{"name":"ui"},"message":"Ignoring unsupported arg: auto_download"}}
[debug] [2022-10-24T17:39:31.951Z] Ignoring unsupported arg: port {"metadata":{"emulator":{"name":"ui"},"message":"Ignoring unsupported arg: port"}}
[debug] [2022-10-24T17:39:31.951Z] Starting Emulator UI with command {"binary":"node","args":["C:\\Users\\Gokul\\.cache\\firebase\\emulators\\ui-v1.7.0\\server.bundle.js"],"optionalArgs":[],"joinArgs":false} {"metadata":{"emulator":{"name":"ui"},"message":"Starting Emulator UI with command {\"binary\":\"node\",\"args\":[\"C:\\\\Users\\\\Gokul\\\\.cache\\\\firebase\\\\emulators\\\\ui-v1.7.0\\\\server.bundle.js\"],\"optionalArgs\":[],\"joinArgs\":false}"}}
[info] i  ui: Emulator UI logging to ui-debug.log {"metadata":{"emulator":{"name":"ui"},"message":"Emulator UI logging to \u001b[1mui-debug.log\u001b[22m"}}
[debug] [2022-10-24T17:39:32.672Z] Web / API server started at localhost:4001
 {"metadata":{"emulator":{"name":"ui"},"message":"Web / API server started at localhost:4001\n"}}
[info] i  functions: Watching "D:\New folder\ecommerce-app\functions" for Cloud Functions... {"metadata":{"emulator":{"name":"functions"},"message":"Watching \"D:\\New folder\\ecommerce-app\\functions\" for Cloud Functions..."}}
[debug] [2022-10-24T17:39:32.765Z] Validating nodejs source
[warn] !  functions: package.json indicates an outdated version of firebase-functions. Please upgrade using npm install --save firebase-functions@latest in your functions directory. 
[warn] !  functions: Please note that there will be breaking changes when you upgrade. 
[debug] [2022-10-24T17:39:40.110Z] > [functions] package.json contents: {
  "name": "functions",
  "description": "Cloud Functions for Firebase",
  "scripts": {
    "lint": "eslint .",
    "serve": "firebase emulators:start --only functions",
    "shell": "firebase functions:shell",
    "start": "npm run shell",
    "deploy": "firebase deploy --only functions",
    "logs": "firebase functions:log"
  },
  "engines": {
    "node": "16"
  },
  "main": "index.js",
  "dependencies": {
    "cors": "^2.8.5",
    "express": "^4.18.2",
    "firebase-admin": "^10.0.2",
    "firebase-functions": "^3.24.1",
    "stripe": "^10.13.0"
  },
  "devDependencies": {
    "eslint": "^8.9.0",
    "eslint-config-google": "^0.14.0",
    "firebase-functions-test": "^0.2.0"
  },
  "private": true
}
[debug] [2022-10-24T17:39:40.111Z] Building nodejs source
[debug] [2022-10-24T17:39:40.112Z] Analyzing nodejs backend spec
[debug] [2022-10-24T17:39:40.117Z] Could not find functions.yaml. Must use http discovery
[debug] [2022-10-24T17:39:49.601Z] Serving at port 9005

[debug] [2022-10-24T17:39:55.912Z] Got response from /__/functions.yaml {"endpoints":{"api":{"platform":"gcfv1","httpsTrigger":{},"entryPoint":"api"}},"specVersion":"v1alpha1","requiredAPIs":[]}
[debug] [2022-10-24T17:39:55.929Z] shutdown requested via /__/quitquitquit

[info] +  functions[us-central1-api]: http function initialized (http://localhost:5001/challange-c0e2b/us-central1/api). {"metadata":{"emulator":{"name":"functions"},"message":"\u001b[1mhttp\u001b[22m function initialized (http://localhost:5001/challange-c0e2b/us-central1/api)."}}
[info] 
┌─────────────────────────────────────────────────────────────┐
│ ✔  All emulators ready! It is now safe to connect your app. │
│ i  View Emulator UI at http://localhost:4001                │
└─────────────────────────────────────────────────────────────┘

┌───────────┬────────────────┬─────────────────────────────────┐
│ Emulator  │ Host:Port      │ View in Emulator UI             │
├───────────┼────────────────┼─────────────────────────────────┤
│ Functions │ localhost:5001 │ http://localhost:4001/functions │
├───────────┼────────────────┼─────────────────────────────────┤
│ Hosting   │ localhost:5000 │ n/a                             │
└───────────┴────────────────┴─────────────────────────────────┘
  Emulator Hub running at localhost:4400
  Other reserved ports: 4500

Issues? Report them at https://github.com/firebase/firebase-tools/issues and attach the *-debug.log files.
 
[debug] [2022-10-24T17:42:03.168Z] [work-queue] {"queueLength":1,"workRunningCount":0}
[debug] [2022-10-24T17:42:03.169Z] [work-queue] {"queueLength":0,"workRunningCount":1}
[debug] [2022-10-24T17:42:03.170Z] Accepted request POST /challange-c0e2b/us-central1/api/payments/create?total=31614500 --> us-central1-api
[debug] [2022-10-24T17:42:03.193Z] [worker-pool] addWorker(us-central1-api) {"metadata":{"emulator":{"name":"functions"},"message":"[worker-pool] addWorker(us-central1-api)"}}
[debug] [2022-10-24T17:42:03.194Z] [worker-pool] Adding worker with key us-central1-api, total=1 {"metadata":{"emulator":{"name":"functions"},"message":"[worker-pool] Adding worker with key us-central1-api, total=1"}}
[debug] [2022-10-24T17:42:03.194Z] [worker-pool] submitWork(triggerId=us-central1-api) {"metadata":{"emulator":{"name":"functions"},"message":"[worker-pool] submitWork(triggerId=us-central1-api)"}}
[debug] [2022-10-24T17:42:03.195Z] [worker-us-central1-api-f5ed0549-d3ba-45ac-b5ba-215cf2138019]: Assigning socketPath: \\?\pipe\D:\New folder\ecommerce-app\functions\10588 {"metadata":{"emulator":{"name":"functions"},"message":"[worker-us-central1-api-f5ed0549-d3ba-45ac-b5ba-215cf2138019]: Assigning socketPath: \\\\?\\pipe\\D:\\New folder\\ecommerce-app\\functions\\10588"}}
[debug] [2022-10-24T17:42:03.196Z] [worker-us-central1-api-f5ed0549-d3ba-45ac-b5ba-215cf2138019]: BUSY {"metadata":{"emulator":{"name":"functions"},"message":"[worker-us-central1-api-f5ed0549-d3ba-45ac-b5ba-215cf2138019]: BUSY"}}
[debug] [2022-10-24T17:42:03.200Z] [work-queue] {"queueLength":1,"workRunningCount":1}
[debug] [2022-10-24T17:42:03.200Z] [work-queue] {"queueLength":0,"workRunningCount":2}
[debug] [2022-10-24T17:42:03.200Z] Accepted request POST /challange-c0e2b/us-central1/api/payments/create?total=31614500 --> us-central1-api
[debug] [2022-10-24T17:42:03.210Z] [worker-pool] addWorker(us-central1-api) {"metadata":{"emulator":{"name":"functions"},"message":"[worker-pool] addWorker(us-central1-api)"}}
[debug] [2022-10-24T17:42:03.211Z] [worker-pool] Adding worker with key us-central1-api, total=2 {"metadata":{"emulator":{"name":"functions"},"message":"[worker-pool] Adding worker with key us-central1-api, total=2"}}
[debug] [2022-10-24T17:42:03.211Z] [worker-pool] submitWork(triggerId=us-central1-api) {"metadata":{"emulator":{"name":"functions"},"message":"[worker-pool] submitWork(triggerId=us-central1-api)"}}
[debug] [2022-10-24T17:42:03.211Z] [worker-us-central1-api-3eaa960f-ddfd-4ade-9fed-f3da35c689ef]: Assigning socketPath: \\?\pipe\D:\New folder\ecommerce-app\functions\6488 {"metadata":{"emulator":{"name":"functions"},"message":"[worker-us-central1-api-3eaa960f-ddfd-4ade-9fed-f3da35c689ef]: Assigning socketPath: \\\\?\\pipe\\D:\\New folder\\ecommerce-app\\functions\\6488"}}
[debug] [2022-10-24T17:42:03.211Z] [worker-us-central1-api-3eaa960f-ddfd-4ade-9fed-f3da35c689ef]: BUSY {"metadata":{"emulator":{"name":"functions"},"message":"[worker-us-central1-api-3eaa960f-ddfd-4ade-9fed-f3da35c689ef]: BUSY"}}
[debug] [2022-10-24T17:42:05.774Z] [runtime-status] [6488] Functions runtime initialized. {"cwd":"D:\\New folder\\ecommerce-app\\functions","node_version":"14.17.3"} {"metadata":{"emulator":{"name":"functions"},"function":{"name":"us-central1-api"},"extension":{},"message":"[runtime-status] [6488] Functions runtime initialized. {\"cwd\":\"D:\\\\New folder\\\\ecommerce-app\\\\functions\",\"node_version\":\"14.17.3\"}"}}
[debug] [2022-10-24T17:42:05.779Z] [runtime-status] [6488] Disabled runtime features: undefined {"metadata":{"emulator":{"name":"functions"},"function":{"name":"us-central1-api"},"extension":{},"message":"[runtime-status] [6488] Disabled runtime features: undefined"}}
[debug] [2022-10-24T17:42:05.784Z] [runtime-status] [6488] Resolved module firebase-admin {"declared":true,"installed":true,"version":"10.3.0","resolution":"D:\\New folder\\ecommerce-app\\functions\\node_modules\\firebase-admin\\lib\\index.js"} {"metadata":{"emulator":{"name":"functions"},"function":{"name":"us-central1-api"},"extension":{},"message":"[runtime-status] [6488] Resolved module firebase-admin {\"declared\":true,\"installed\":true,\"version\":\"10.3.0\",\"resolution\":\"D:\\\\New folder\\\\ecommerce-app\\\\functions\\\\node_modules\\\\firebase-admin\\\\lib\\\\index.js\"}"}}
[debug] [2022-10-24T17:42:05.787Z] [runtime-status] [10588] Functions runtime initialized. {"cwd":"D:\\New folder\\ecommerce-app\\functions","node_version":"14.17.3"} {"metadata":{"emulator":{"name":"functions"},"function":{"name":"us-central1-api"},"extension":{},"message":"[runtime-status] [10588] Functions runtime initialized. {\"cwd\":\"D:\\\\New folder\\\\ecommerce-app\\\\functions\",\"node_version\":\"14.17.3\"}"}}
[debug] [2022-10-24T17:42:05.787Z] [runtime-status] [6488] Resolved module firebase-functions {"declared":true,"installed":true,"version":"3.24.1","resolution":"D:\\New folder\\ecommerce-app\\functions\\node_modules\\firebase-functions\\lib\\index.js"} {"metadata":{"emulator":{"name":"functions"},"function":{"name":"us-central1-api"},"extension":{},"message":"[runtime-status] [6488] Resolved module firebase-functions {\"declared\":true,\"installed\":true,\"version\":\"3.24.1\",\"resolution\":\"D:\\\\New folder\\\\ecommerce-app\\\\functions\\\\node_modules\\\\firebase-functions\\\\lib\\\\index.js\"}"}}
[debug] [2022-10-24T17:42:05.788Z] [runtime-status] [6488] Outgoing network have been stubbed. [{"name":"http","status":"mocked"},{"name":"http","status":"mocked"},{"name":"https","status":"mocked"},{"name":"https","status":"mocked"},{"name":"net","status":"mocked"}] {"metadata":{"emulator":{"name":"functions"},"function":{"name":"us-central1-api"},"extension":{},"message":"[runtime-status] [6488] Outgoing network have been stubbed. [{\"name\":\"http\",\"status\":\"mocked\"},{\"name\":\"http\",\"status\":\"mocked\"},{\"name\":\"https\",\"status\":\"mocked\"},{\"name\":\"https\",\"status\":\"mocked\"},{\"name\":\"net\",\"status\":\"mocked\"}]"}}
[debug] [2022-10-24T17:42:05.791Z] [runtime-status] [6488] Resolved module firebase-functions {"declared":true,"installed":true,"version":"3.24.1","resolution":"D:\\New folder\\ecommerce-app\\functions\\node_modules\\firebase-functions\\lib\\index.js"} {"metadata":{"emulator":{"name":"functions"},"function":{"name":"us-central1-api"},"extension":{},"message":"[runtime-status] [6488] Resolved module firebase-functions {\"declared\":true,\"installed\":true,\"version\":\"3.24.1\",\"resolution\":\"D:\\\\New folder\\\\ecommerce-app\\\\functions\\\\node_modules\\\\firebase-functions\\\\lib\\\\index.js\"}"}}
[debug] [2022-10-24T17:42:05.794Z] [runtime-status] [10588] Disabled runtime features: undefined {"metadata":{"emulator":{"name":"functions"},"function":{"name":"us-central1-api"},"extension":{},"message":"[runtime-status] [10588] Disabled runtime features: undefined"}}
[debug] [2022-10-24T17:42:05.800Z] [runtime-status] [10588] Resolved module firebase-admin {"declared":true,"installed":true,"version":"10.3.0","resolution":"D:\\New folder\\ecommerce-app\\functions\\node_modules\\firebase-admin\\lib\\index.js"} {"metadata":{"emulator":{"name":"functions"},"function":{"name":"us-central1-api"},"extension":{},"message":"[runtime-status] [10588] Resolved module firebase-admin {\"declared\":true,\"installed\":true,\"version\":\"10.3.0\",\"resolution\":\"D:\\\\New folder\\\\ecommerce-app\\\\functions\\\\node_modules\\\\firebase-admin\\\\lib\\\\index.js\"}"}}
[debug] [2022-10-24T17:42:05.803Z] [runtime-status] [10588] Resolved module firebase-functions {"declared":true,"installed":true,"version":"3.24.1","resolution":"D:\\New folder\\ecommerce-app\\functions\\node_modules\\firebase-functions\\lib\\index.js"} {"metadata":{"emulator":{"name":"functions"},"function":{"name":"us-central1-api"},"extension":{},"message":"[runtime-status] [10588] Resolved module firebase-functions {\"declared\":true,\"installed\":true,\"version\":\"3.24.1\",\"resolution\":\"D:\\\\New folder\\\\ecommerce-app\\\\functions\\\\node_modules\\\\firebase-functions\\\\lib\\\\index.js\"}"}}
[debug] [2022-10-24T17:42:05.803Z] [runtime-status] [10588] Outgoing network have been stubbed. [{"name":"http","status":"mocked"},{"name":"http","status":"mocked"},{"name":"https","status":"mocked"},{"name":"https","status":"mocked"},{"name":"net","status":"mocked"}] {"metadata":{"emulator":{"name":"functions"},"function":{"name":"us-central1-api"},"extension":{},"message":"[runtime-status] [10588] Outgoing network have been stubbed. [{\"name\":\"http\",\"status\":\"mocked\"},{\"name\":\"http\",\"status\":\"mocked\"},{\"name\":\"https\",\"status\":\"mocked\"},{\"name\":\"https\",\"status\":\"mocked\"},{\"name\":\"net\",\"status\":\"mocked\"}]"}}
[debug] [2022-10-24T17:42:05.805Z] [runtime-status] [10588] Resolved module firebase-functions {"declared":true,"installed":true,"version":"3.24.1","resolution":"D:\\New folder\\ecommerce-app\\functions\\node_modules\\firebase-functions\\lib\\index.js"} {"metadata":{"emulator":{"name":"functions"},"function":{"name":"us-central1-api"},"extension":{},"message":"[runtime-status] [10588] Resolved module firebase-functions {\"declared\":true,\"installed\":true,\"version\":\"3.24.1\",\"resolution\":\"D:\\\\New folder\\\\ecommerce-app\\\\functions\\\\node_modules\\\\firebase-functions\\\\lib\\\\index.js\"}"}}
[debug] [2022-10-24T17:42:05.872Z] [runtime-status] [10588] Checked functions.config() {"config":{}} {"metadata":{"emulator":{"name":"functions"},"function":{"name":"us-central1-api"},"extension":{},"message":"[runtime-status] [10588] Checked functions.config() {\"config\":{}}"}}
[debug] [2022-10-24T17:42:05.872Z] [runtime-status] [6488] Checked functions.config() {"config":{}} {"metadata":{"emulator":{"name":"functions"},"function":{"name":"us-central1-api"},"extension":{},"message":"[runtime-status] [6488] Checked functions.config() {\"config\":{}}"}}
[debug] [2022-10-24T17:42:05.873Z] [runtime-status] [6488] firebase-functions has been stubbed. {"functionsResolution":{"declared":true,"installed":true,"version":"3.24.1","resolution":"D:\\New folder\\ecommerce-app\\functions\\node_modules\\firebase-functions\\lib\\index.js"}} {"metadata":{"emulator":{"name":"functions"},"function":{"name":"us-central1-api"},"extension":{},"message":"[runtime-status] [6488] firebase-functions has been stubbed. {\"functionsResolution\":{\"declared\":true,\"installed\":true,\"version\":\"3.24.1\",\"resolution\":\"D:\\\\New folder\\\\ecommerce-app\\\\functions\\\\node_modules\\\\firebase-functions\\\\lib\\\\index.js\"}}"}}
[debug] [2022-10-24T17:42:05.873Z] [runtime-status] [10588] firebase-functions has been stubbed. {"functionsResolution":{"declared":true,"installed":true,"version":"3.24.1","resolution":"D:\\New folder\\ecommerce-app\\functions\\node_modules\\firebase-functions\\lib\\index.js"}} {"metadata":{"emulator":{"name":"functions"},"function":{"name":"us-central1-api"},"extension":{},"message":"[runtime-status] [10588] firebase-functions has been stubbed. {\"functionsResolution\":{\"declared\":true,\"installed\":true,\"version\":\"3.24.1\",\"resolution\":\"D:\\\\New folder\\\\ecommerce-app\\\\functions\\\\node_modules\\\\firebase-functions\\\\lib\\\\index.js\"}}"}}
[debug] [2022-10-24T17:42:05.874Z] [runtime-status] [10588] Resolved module firebase-functions {"declared":true,"installed":true,"version":"3.24.1","resolution":"D:\\New folder\\ecommerce-app\\functions\\node_modules\\firebase-functions\\lib\\index.js"} {"metadata":{"emulator":{"name":"functions"},"function":{"name":"us-central1-api"},"extension":{},"message":"[runtime-status] [10588] Resolved module firebase-functions {\"declared\":true,\"installed\":true,\"version\":\"3.24.1\",\"resolution\":\"D:\\\\New folder\\\\ecommerce-app\\\\functions\\\\node_modules\\\\firebase-functions\\\\lib\\\\index.js\"}"}}
[debug] [2022-10-24T17:42:05.874Z] [runtime-status] [6488] Resolved module firebase-functions {"declared":true,"installed":true,"version":"3.24.1","resolution":"D:\\New folder\\ecommerce-app\\functions\\node_modules\\firebase-functions\\lib\\index.js"} {"metadata":{"emulator":{"name":"functions"},"function":{"name":"us-central1-api"},"extension":{},"message":"[runtime-status] [6488] Resolved module firebase-functions {\"declared\":true,\"installed\":true,\"version\":\"3.24.1\",\"resolution\":\"D:\\\\New folder\\\\ecommerce-app\\\\functions\\\\node_modules\\\\firebase-functions\\\\lib\\\\index.js\"}"}}
[debug] [2022-10-24T17:42:05.876Z] [runtime-status] [6488] Resolved module firebase-admin {"declared":true,"installed":true,"version":"10.3.0","resolution":"D:\\New folder\\ecommerce-app\\functions\\node_modules\\firebase-admin\\lib\\index.js"} {"metadata":{"emulator":{"name":"functions"},"function":{"name":"us-central1-api"},"extension":{},"message":"[runtime-status] [6488] Resolved module firebase-admin {\"declared\":true,\"installed\":true,\"version\":\"10.3.0\",\"resolution\":\"D:\\\\New folder\\\\ecommerce-app\\\\functions\\\\node_modules\\\\firebase-admin\\\\lib\\\\index.js\"}"}}
[debug] [2022-10-24T17:42:05.876Z] [runtime-status] [10588] Resolved module firebase-admin {"declared":true,"installed":true,"version":"10.3.0","resolution":"D:\\New folder\\ecommerce-app\\functions\\node_modules\\firebase-admin\\lib\\index.js"} {"metadata":{"emulator":{"name":"functions"},"function":{"name":"us-central1-api"},"extension":{},"message":"[runtime-status] [10588] Resolved module firebase-admin {\"declared\":true,\"installed\":true,\"version\":\"10.3.0\",\"resolution\":\"D:\\\\New folder\\\\ecommerce-app\\\\functions\\\\node_modules\\\\firebase-admin\\\\lib\\\\index.js\"}"}}
[debug] [2022-10-24T17:42:05.877Z] [runtime-status] [10588] Resolved module firebase-functions {"declared":true,"installed":true,"version":"3.24.1","resolution":"D:\\New folder\\ecommerce-app\\functions\\node_modules\\firebase-functions\\lib\\index.js"} {"metadata":{"emulator":{"name":"functions"},"function":{"name":"us-central1-api"},"extension":{},"message":"[runtime-status] [10588] Resolved module firebase-functions {\"declared\":true,\"installed\":true,\"version\":\"3.24.1\",\"resolution\":\"D:\\\\New folder\\\\ecommerce-app\\\\functions\\\\node_modules\\\\firebase-functions\\\\lib\\\\index.js\"}"}}
[debug] [2022-10-24T17:42:05.877Z] [runtime-status] [6488] Resolved module firebase-functions {"declared":true,"installed":true,"version":"3.24.1","resolution":"D:\\New folder\\ecommerce-app\\functions\\node_modules\\firebase-functions\\lib\\index.js"} {"metadata":{"emulator":{"name":"functions"},"function":{"name":"us-central1-api"},"extension":{},"message":"[runtime-status] [6488] Resolved module firebase-functions {\"declared\":true,\"installed\":true,\"version\":\"3.24.1\",\"resolution\":\"D:\\\\New folder\\\\ecommerce-app\\\\functions\\\\node_modules\\\\firebase-functions\\\\lib\\\\index.js\"}"}}
[debug] [2022-10-24T17:42:05.878Z] [runtime-status] [6488] firebase-admin has been stubbed. {"adminResolution":{"declared":true,"installed":true,"version":"10.3.0","resolution":"D:\\New folder\\ecommerce-app\\functions\\node_modules\\firebase-admin\\lib\\index.js"}} {"metadata":{"emulator":{"name":"functions"},"function":{"name":"us-central1-api"},"extension":{},"message":"[runtime-status] [6488] firebase-admin has been stubbed. {\"adminResolution\":{\"declared\":true,\"installed\":true,\"version\":\"10.3.0\",\"resolution\":\"D:\\\\New folder\\\\ecommerce-app\\\\functions\\\\node_modules\\\\firebase-admin\\\\lib\\\\index.js\"}}"}}
[debug] [2022-10-24T17:42:05.878Z] [runtime-status] [10588] firebase-admin has been stubbed. {"adminResolution":{"declared":true,"installed":true,"version":"10.3.0","resolution":"D:\\New folder\\ecommerce-app\\functions\\node_modules\\firebase-admin\\lib\\index.js"}} {"metadata":{"emulator":{"name":"functions"},"function":{"name":"us-central1-api"},"extension":{},"message":"[runtime-status] [10588] firebase-admin has been stubbed. {\"adminResolution\":{\"declared\":true,\"installed\":true,\"version\":\"10.3.0\",\"resolution\":\"D:\\\\New folder\\\\ecommerce-app\\\\functions\\\\node_modules\\\\firebase-admin\\\\lib\\\\index.js\"}}"}}
[debug] [2022-10-24T17:42:06.119Z] [runtime-status] [6488] Beginning invocation function api! {"metadata":{"emulator":{"name":"functions"},"function":{"name":"us-central1-api"},"extension":{},"message":"[runtime-status] [6488] Beginning invocation function api!"}}
[info] i  functions: Beginning execution of "api" {"metadata":{"emulator":{"name":"functions"},"function":{"name":"us-central1-api"},"extension":{},"message":"Beginning execution of \"api\""}}
[debug] [2022-10-24T17:42:06.124Z] [runtime-status] [6488] Running api in signature http {"metadata":{"emulator":{"name":"functions"},"function":{"name":"us-central1-api"},"extension":{},"message":"[runtime-status] [6488] Running api in signature http"}}
[debug] [2022-10-24T17:42:06.124Z] [runtime-status] [10588] Beginning invocation function api! {"metadata":{"emulator":{"name":"functions"},"function":{"name":"us-central1-api"},"extension":{},"message":"[runtime-status] [10588] Beginning invocation function api!"}}
[info] i  functions: Beginning execution of "api" {"metadata":{"emulator":{"name":"functions"},"function":{"name":"us-central1-api"},"extension":{},"message":"Beginning execution of \"api\""}}
[debug] [2022-10-24T17:42:06.126Z] [runtime-status] [10588] Running api in signature http {"metadata":{"emulator":{"name":"functions"},"function":{"name":"us-central1-api"},"extension":{},"message":"[runtime-status] [10588] Running api in signature http"}}
[debug] [2022-10-24T17:42:06.126Z] [runtime-status] [6488] Attempting to listen to socketPath: \\?\pipe\D:\New folder\ecommerce-app\functions\6488 {"metadata":{"emulator":{"name":"functions"},"function":{"name":"us-central1-api"},"extension":{},"message":"[runtime-status] [6488] Attempting to listen to socketPath: \\\\?\\pipe\\D:\\New folder\\ecommerce-app\\functions\\6488"}}
[debug] [2022-10-24T17:42:06.141Z] [functions] Runtime ready! Sending request! {"metadata":{"emulator":{"name":"functions"},"message":"[functions] Runtime ready! Sending request!"}}
[debug] [2022-10-24T17:42:06.142Z] [functions] Got req.url=/challange-c0e2b/us-central1/api/payments/create?total=31614500, mapping to path=/payments/create?total=31614500 {"metadata":{"emulator":{"name":"functions"},"message":"[functions] Got req.url=/challange-c0e2b/us-central1/api/payments/create?total=31614500, mapping to path=/payments/create?total=31614500"}}
[debug] [2022-10-24T17:42:06.144Z] [runtime-status] [10588] Attempting to listen to socketPath: \\?\pipe\D:\New folder\ecommerce-app\functions\10588 {"metadata":{"emulator":{"name":"functions"},"function":{"name":"us-central1-api"},"extension":{},"message":"[runtime-status] [10588] Attempting to listen to socketPath: \\\\?\\pipe\\D:\\New folder\\ecommerce-app\\functions\\10588"}}
[debug] [2022-10-24T17:42:06.146Z] [functions] Runtime ready! Sending request! {"metadata":{"emulator":{"name":"functions"},"message":"[functions] Runtime ready! Sending request!"}}
[debug] [2022-10-24T17:42:06.147Z] [functions] Got req.url=/challange-c0e2b/us-central1/api/payments/create?total=31614500, mapping to path=/payments/create?total=31614500 {"metadata":{"emulator":{"name":"functions"},"message":"[functions] Got req.url=/challange-c0e2b/us-central1/api/payments/create?total=31614500, mapping to path=/payments/create?total=31614500"}}
[debug] [2022-10-24T17:42:06.151Z] [runtime-status] [6488] Ephemeral server handling POST request {"metadata":{"emulator":{"name":"functions"},"function":{"name":"us-central1-api"},"extension":{},"message":"[runtime-status] [6488] Ephemeral server handling POST request"}}
[info] >  Payment Request Recieved BOOM!!! for this amount >>>  31614500 {"user":"Payment Request Recieved BOOM!!! for this amount >>>  31614500","metadata":{"emulator":{"name":"functions"},"function":{"name":"us-central1-api"},"extension":{},"message":"\u001b[90m> \u001b[39m Payment Request Recieved BOOM!!! for this amount >>>  31614500"}}
[debug] [2022-10-24T17:42:06.156Z] [runtime-status] [10588] Ephemeral server handling POST request {"metadata":{"emulator":{"name":"functions"},"function":{"name":"us-central1-api"},"extension":{},"message":"[runtime-status] [10588] Ephemeral server handling POST request"}}
[info] >  Payment Request Recieved BOOM!!! for this amount >>>  31614500 {"user":"Payment Request Recieved BOOM!!! for this amount >>>  31614500","metadata":{"emulator":{"name":"functions"},"function":{"name":"us-central1-api"},"extension":{},"message":"\u001b[90m> \u001b[39m Payment Request Recieved BOOM!!! for this amount >>>  31614500"}}
[debug] [2022-10-24T17:42:06.166Z] [runtime-status] [6488] Ephemeral server survived. {"metadata":{"emulator":{"name":"functions"},"function":{"name":"us-central1-api"},"extension":{},"message":"[runtime-status] [6488] Ephemeral server survived."}}
[debug] [2022-10-24T17:42:06.171Z] [runtime-status] [10588] Ephemeral server survived. {"metadata":{"emulator":{"name":"functions"},"function":{"name":"us-central1-api"},"extension":{},"message":"[runtime-status] [10588] Ephemeral server survived."}}
[info] i  functions: Finished "api" in ~1s {"metadata":{"emulator":{"name":"functions"},"function":{"name":"us-central1-api"},"extension":{},"message":"Finished \"api\" in ~1s"}}
[debug] [2022-10-24T17:42:07.496Z] [worker-us-central1-api-3eaa960f-ddfd-4ade-9fed-f3da35c689ef]: IDLE {"metadata":{"emulator":{"name":"functions"},"message":"[worker-us-central1-api-3eaa960f-ddfd-4ade-9fed-f3da35c689ef]: IDLE"}}
[debug] [2022-10-24T17:42:07.497Z] [work-queue] {"queueLength":0,"workRunningCount":1}
[info] i  functions: Finished "api" in ~1s {"metadata":{"emulator":{"name":"functions"},"function":{"name":"us-central1-api"},"extension":{},"message":"Finished \"api\" in ~1s"}}
[debug] [2022-10-24T17:42:07.790Z] [worker-us-central1-api-f5ed0549-d3ba-45ac-b5ba-215cf2138019]: IDLE {"metadata":{"emulator":{"name":"functions"},"message":"[worker-us-central1-api-f5ed0549-d3ba-45ac-b5ba-215cf2138019]: IDLE"}}
[debug] [2022-10-24T17:42:07.791Z] [work-queue] {"queueLength":0,"workRunningCount":0}
[debug] [2022-10-24T17:44:33.004Z] File D:\New folder\ecommerce-app\functions\index.js changed, reloading triggers {"metadata":{"emulator":{"name":"functions"},"message":"File D:\\New folder\\ecommerce-app\\functions\\index.js changed, reloading triggers"}}
[debug] [2022-10-24T17:44:34.015Z] [worker-pool] Shutting down IDLE worker (us-central1-api) {"metadata":{"emulator":{"name":"functions"},"message":"[worker-pool] Shutting down IDLE worker (us-central1-api)"}}
[debug] [2022-10-24T17:44:34.016Z] [worker-us-central1-api-f5ed0549-d3ba-45ac-b5ba-215cf2138019]: FINISHING {"metadata":{"emulator":{"name":"functions"},"message":"[worker-us-central1-api-f5ed0549-d3ba-45ac-b5ba-215cf2138019]: FINISHING"}}
[debug] [2022-10-24T17:44:34.017Z] [worker-pool] Shutting down IDLE worker (us-central1-api) {"metadata":{"emulator":{"name":"functions"},"message":"[worker-pool] Shutting down IDLE worker (us-central1-api)"}}
[debug] [2022-10-24T17:44:34.017Z] [worker-us-central1-api-3eaa960f-ddfd-4ade-9fed-f3da35c689ef]: FINISHING {"metadata":{"emulator":{"name":"functions"},"message":"[worker-us-central1-api-3eaa960f-ddfd-4ade-9fed-f3da35c689ef]: FINISHING"}}
[debug] [2022-10-24T17:44:34.024Z] Validating nodejs source
[warn] !  functions: package.json indicates an outdated version of firebase-functions. Please upgrade using npm install --save firebase-functions@latest in your functions directory. 
[warn] !  functions: Please note that there will be breaking changes when you upgrade. 
[debug] [2022-10-24T17:44:39.832Z] > [functions] package.json contents: {
  "name": "functions",
  "description": "Cloud Functions for Firebase",
  "scripts": {
    "lint": "eslint .",
    "serve": "firebase emulators:start --only functions",
    "shell": "firebase functions:shell",
    "start": "npm run shell",
    "deploy": "firebase deploy --only functions",
    "logs": "firebase functions:log"
  },
  "engines": {
    "node": "16"
  },
  "main": "index.js",
  "dependencies": {
    "cors": "^2.8.5",
    "express": "^4.18.2",
    "firebase-admin": "^10.0.2",
    "firebase-functions": "^3.24.1",
    "stripe": "^10.13.0"
  },
  "devDependencies": {
    "eslint": "^8.9.0",
    "eslint-config-google": "^0.14.0",
    "firebase-functions-test": "^0.2.0"
  },
  "private": true
}
[debug] [2022-10-24T17:44:39.833Z] Building nodejs source
[debug] [2022-10-24T17:44:39.833Z] Analyzing nodejs backend spec
[debug] [2022-10-24T17:44:39.835Z] Could not find functions.yaml. Must use http discovery
[debug] [2022-10-24T17:44:39.855Z] [worker-us-central1-api-f5ed0549-d3ba-45ac-b5ba-215cf2138019]: exited {"metadata":{"emulator":{"name":"functions"},"message":"[worker-us-central1-api-f5ed0549-d3ba-45ac-b5ba-215cf2138019]: exited"}}
[debug] [2022-10-24T17:44:39.855Z] [worker-us-central1-api-f5ed0549-d3ba-45ac-b5ba-215cf2138019]: FINISHED {"metadata":{"emulator":{"name":"functions"},"message":"[worker-us-central1-api-f5ed0549-d3ba-45ac-b5ba-215cf2138019]: FINISHED"}}
[debug] [2022-10-24T17:44:39.855Z] [worker-us-central1-api-3eaa960f-ddfd-4ade-9fed-f3da35c689ef]: exited {"metadata":{"emulator":{"name":"functions"},"message":"[worker-us-central1-api-3eaa960f-ddfd-4ade-9fed-f3da35c689ef]: exited"}}
[debug] [2022-10-24T17:44:39.856Z] [worker-us-central1-api-3eaa960f-ddfd-4ade-9fed-f3da35c689ef]: FINISHED {"metadata":{"emulator":{"name":"functions"},"message":"[worker-us-central1-api-3eaa960f-ddfd-4ade-9fed-f3da35c689ef]: FINISHED"}}
[debug] [2022-10-24T17:44:40.307Z] Serving at port 9005

[debug] [2022-10-24T17:44:40.908Z] Got response from /__/functions.yaml {"endpoints":{"api":{"platform":"gcfv1","httpsTrigger":{},"entryPoint":"api"}},"specVersion":"v1alpha1","requiredAPIs":[]}
[debug] [2022-10-24T17:44:40.921Z] shutdown requested via /__/quitquitquit

