[debug] [2022-10-13T01:53:58.105Z] ----------------------------------------------------------------------
[debug] [2022-10-13T01:53:58.108Z] Command:       C:\Program Files\nodejs\node.exe C:\Users\Gokul\AppData\Roaming\npm\node_modules\firebase-tools\lib\bin\firebase.js emulators:start
[debug] [2022-10-13T01:53:58.108Z] CLI Version:   10.9.2
[debug] [2022-10-13T01:53:58.108Z] Platform:      win32
[debug] [2022-10-13T01:53:58.109Z] Node Version:  v14.17.3
[debug] [2022-10-13T01:53:58.110Z] Time:          Thu Oct 13 2022 07:23:58 GMT+0530 (India Standard Time)
[debug] [2022-10-13T01:53:58.110Z] ----------------------------------------------------------------------
[debug] 
[debug] [2022-10-13T01:53:58.206Z] > command requires scopes: ["email","openid","https://www.googleapis.com/auth/cloudplatformprojects.readonly","https://www.googleapis.com/auth/firebase","https://www.googleapis.com/auth/cloud-platform"]
[debug] [2022-10-13T01:53:58.206Z] > authorizing via signed-in user (gokulkrish.elangovan10@gmail.com)
[info] i  emulators: Starting emulators: functions, hosting {"metadata":{"emulator":{"name":"hub"},"message":"Starting emulators: functions, hosting"}}
[debug] [2022-10-13T01:53:58.260Z] [hub] writing locator at C:\Users\Gokul\AppData\Local\Temp\hub-challange-c0e2b.json
[warn] !  functions: The following emulators are not running, calls to these services from the Functions emulator will affect production: auth, firestore, database, pubsub, storage {"metadata":{"emulator":{"name":"functions"},"message":"The following emulators are not running, calls to these services from the Functions emulator will affect production: \u001b[1mauth, firestore, database, pubsub, storage\u001b[22m"}}
[warn] !  Your requested "node" version "16" doesn't match your global version "14". Using node@14 from host. {"metadata":{"emulator":{"name":"functions"},"message":"Your requested \"node\" version \"16\" doesn't match your global version \"14\". Using node@14 from host."}}
[debug] [2022-10-13T01:53:59.247Z] defaultcredentials: writing to file C:\Users\Gokul\AppData\Roaming\firebase\gokulkrish_elangovan10_gmail.com_application_default_credentials.json
[debug] [2022-10-13T01:53:59.250Z] Setting GAC to C:\Users\Gokul\AppData\Roaming\firebase\gokulkrish_elangovan10_gmail.com_application_default_credentials.json {"metadata":{"emulator":{"name":"functions"},"message":"Setting GAC to C:\\Users\\Gokul\\AppData\\Roaming\\firebase\\gokulkrish_elangovan10_gmail.com_application_default_credentials.json"}}
[debug] [2022-10-13T01:53:59.252Z] > refreshing access token with scopes: []
[debug] [2022-10-13T01:53:59.252Z] >>> HTTP REQUEST POST https://www.googleapis.com/oauth2/v3/token  
 <request body omitted>
[debug] [2022-10-13T01:53:59.642Z] <<< HTTP RESPONSE 200 {"date":"Thu, 13 Oct 2022 01:53:59 GMT","cache-control":"no-cache, no-store, max-age=0, must-revalidate","pragma":"no-cache","expires":"Mon, 01 Jan 1990 00:00:00 GMT","content-type":"application/json; charset=utf-8","vary":"X-Origin, Referer, Origin,Accept-Encoding","server":"scaffolding on HTTPServer2","x-xss-protection":"0","x-frame-options":"SAMEORIGIN","x-content-type-options":"nosniff","alt-svc":"h3=\":443\"; ma=2592000,h3-29=\":443\"; ma=2592000,h3-Q050=\":443\"; ma=2592000,h3-Q046=\":443\"; ma=2592000,h3-Q043=\":443\"; ma=2592000,quic=\":443\"; ma=2592000; v=\"46,43\"","accept-ranges":"none","transfer-encoding":"chunked"}
[debug] [2022-10-13T01:53:59.663Z] >>> [apiv2][query] GET https://firebase.googleapis.com/v1beta1/projects/challange-c0e2b/adminSdkConfig [none]
[debug] [2022-10-13T01:54:00.467Z] <<< [apiv2][status] GET https://firebase.googleapis.com/v1beta1/projects/challange-c0e2b/adminSdkConfig 200
[debug] [2022-10-13T01:54:00.467Z] <<< [apiv2][body] GET https://firebase.googleapis.com/v1beta1/projects/challange-c0e2b/adminSdkConfig {"projectId":"challange-c0e2b","storageBucket":"challange-c0e2b.appspot.com","locationId":"us-central"}
[debug] [2022-10-13T01:54:00.488Z] >>> [apiv2][query] GET https://firebasehosting.googleapis.com/v1beta1/projects/challange-c0e2b/sites 
[debug] [2022-10-13T01:54:02.303Z] <<< [apiv2][status] GET https://firebasehosting.googleapis.com/v1beta1/projects/challange-c0e2b/sites 200
[debug] [2022-10-13T01:54:02.303Z] <<< [apiv2][body] GET https://firebasehosting.googleapis.com/v1beta1/projects/challange-c0e2b/sites {"sites":[{"name":"projects/challange-c0e2b/sites/amzc4468","defaultUrl":"https://amzc4468.web.app","type":"USER_SITE"},{"name":"projects/challange-c0e2b/sites/challange-c0e2b","defaultUrl":"https://challange-c0e2b.web.app","type":"DEFAULT_SITE"}]}
[debug] [2022-10-13T01:54:02.304Z] >>> [apiv2][query] GET https://firebase.googleapis.com/v1beta1/projects/challange-c0e2b/webApps/-/config [none]
[debug] [2022-10-13T01:54:03.646Z] <<< [apiv2][status] GET https://firebase.googleapis.com/v1beta1/projects/challange-c0e2b/webApps/-/config 200
[debug] [2022-10-13T01:54:03.647Z] <<< [apiv2][body] GET https://firebase.googleapis.com/v1beta1/projects/challange-c0e2b/webApps/-/config {"projectId":"challange-c0e2b","storageBucket":"challange-c0e2b.appspot.com","locationId":"us-central","apiKey":"AIzaSyD7pwDUG-WvfaDivVPVM9WyLORa5-InuPE","authDomain":"challange-c0e2b.firebaseapp.com","messagingSenderId":"973265102142"}
[info] i  hosting[build]: Serving hosting files from: build {"metadata":{"emulator":{"name":"hosting"},"message":"Serving hosting files from: \u001b[1mbuild\u001b[22m"}}
[info] +  hosting[build]: Local server: http://localhost:5000 {"metadata":{"emulator":{"name":"hosting"},"message":"Local server: \u001b[4m\u001b[1mhttp://localhost:5000\u001b[22m\u001b[24m"}}
[debug] [2022-10-13T01:54:03.717Z] Ignoring unsupported arg: auto_download {"metadata":{"emulator":{"name":"ui"},"message":"Ignoring unsupported arg: auto_download"}}
[debug] [2022-10-13T01:54:03.717Z] Ignoring unsupported arg: port {"metadata":{"emulator":{"name":"ui"},"message":"Ignoring unsupported arg: port"}}
[debug] [2022-10-13T01:54:03.718Z] Starting Emulator UI with command {"binary":"node","args":["C:\\Users\\Gokul\\.cache\\firebase\\emulators\\ui-v1.7.0\\server.bundle.js"],"optionalArgs":[],"joinArgs":false} {"metadata":{"emulator":{"name":"ui"},"message":"Starting Emulator UI with command {\"binary\":\"node\",\"args\":[\"C:\\\\Users\\\\Gokul\\\\.cache\\\\firebase\\\\emulators\\\\ui-v1.7.0\\\\server.bundle.js\"],\"optionalArgs\":[],\"joinArgs\":false}"}}
[info] i  ui: Emulator UI logging to ui-debug.log {"metadata":{"emulator":{"name":"ui"},"message":"Emulator UI logging to \u001b[1mui-debug.log\u001b[22m"}}
[debug] [2022-10-13T01:54:04.242Z] Web / API server started at localhost:4000
 {"metadata":{"emulator":{"name":"ui"},"message":"Web / API server started at localhost:4000\n"}}
[info] i  functions: Watching "D:\New folder\ecommerce-app\functions" for Cloud Functions... {"metadata":{"emulator":{"name":"functions"},"message":"Watching \"D:\\New folder\\ecommerce-app\\functions\" for Cloud Functions..."}}
[debug] [2022-10-13T01:54:04.267Z] Validating nodejs source
[debug] [2022-10-13T01:54:09.949Z] > [functions] package.json contents: {
  "name": "functions",
  "description": "Cloud Functions for Firebase",
  "scripts": {
    "lint": "eslint .",
    "serve": "firebase emulators:start --only functions",
    "shell": "firebase functions:shell",
    "start": "npm run shell",
    "deploy": "firebase deploy --only functions",
    "logs": "firebase functions:log"
  },
  "engines": {
    "node": "16"
  },
  "main": "index.js",
  "dependencies": {
    "cors": "^2.8.5",
    "express": "^4.18.2",
    "firebase-admin": "^10.0.2",
    "firebase-functions": "^3.24.1",
    "stripe": "^10.13.0"
  },
  "devDependencies": {
    "eslint": "^8.9.0",
    "eslint-config-google": "^0.14.0",
    "firebase-functions-test": "^0.2.0"
  },
  "private": true
}
[debug] [2022-10-13T01:54:09.949Z] Building nodejs source
[debug] [2022-10-13T01:54:09.950Z] Analyzing nodejs backend spec
[debug] [2022-10-13T01:54:09.951Z] Could not find functions.yaml. Must use http discovery
[debug] [2022-10-13T01:54:11.411Z] Serving at port 9005

[debug] [2022-10-13T01:54:13.091Z] Got response from /__/functions.yaml {"endpoints":{"api":{"platform":"gcfv1","httpsTrigger":{},"entryPoint":"api"}},"specVersion":"v1alpha1","requiredAPIs":[]}
[debug] [2022-10-13T01:54:13.109Z] shutdown requested via /__/quitquitquit

[info] +  functions[us-central1-api]: http function initialized (http://localhost:5001/challange-c0e2b/us-central1/api). {"metadata":{"emulator":{"name":"functions"},"message":"\u001b[1mhttp\u001b[22m function initialized (http://localhost:5001/challange-c0e2b/us-central1/api)."}}
[info] 
┌─────────────────────────────────────────────────────────────┐
│ ✔  All emulators ready! It is now safe to connect your app. │
│ i  View Emulator UI at http://localhost:4000                │
└─────────────────────────────────────────────────────────────┘

┌───────────┬────────────────┬─────────────────────────────────┐
│ Emulator  │ Host:Port      │ View in Emulator UI             │
├───────────┼────────────────┼─────────────────────────────────┤
│ Functions │ localhost:5001 │ http://localhost:4000/functions │
├───────────┼────────────────┼─────────────────────────────────┤
│ Hosting   │ localhost:5000 │ n/a                             │
└───────────┴────────────────┴─────────────────────────────────┘
  Emulator Hub running at localhost:4400
  Other reserved ports: 4500

Issues? Report them at https://github.com/firebase/firebase-tools/issues and attach the *-debug.log files.
 
[debug] [2022-10-13T01:55:43.062Z] [work-queue] {"queueLength":1,"workRunningCount":0}
[debug] [2022-10-13T01:55:43.063Z] [work-queue] {"queueLength":0,"workRunningCount":1}
[debug] [2022-10-13T01:55:43.064Z] Accepted request POST /challange-c0e2b/us-central1/api/payments/create?total=23920 --> us-central1-api
[debug] [2022-10-13T01:55:43.081Z] [worker-pool] addWorker(us-central1-api) {"metadata":{"emulator":{"name":"functions"},"message":"[worker-pool] addWorker(us-central1-api)"}}
[debug] [2022-10-13T01:55:43.082Z] [worker-pool] Adding worker with key us-central1-api, total=1 {"metadata":{"emulator":{"name":"functions"},"message":"[worker-pool] Adding worker with key us-central1-api, total=1"}}
[debug] [2022-10-13T01:55:43.083Z] [worker-pool] submitWork(triggerId=us-central1-api) {"metadata":{"emulator":{"name":"functions"},"message":"[worker-pool] submitWork(triggerId=us-central1-api)"}}
[debug] [2022-10-13T01:55:43.083Z] [worker-us-central1-api-97a5ecbd-3dfa-4b38-b7c9-f4f7521fd73b]: Assigning socketPath: \\?\pipe\D:\New folder\ecommerce-app\functions\14368 {"metadata":{"emulator":{"name":"functions"},"message":"[worker-us-central1-api-97a5ecbd-3dfa-4b38-b7c9-f4f7521fd73b]: Assigning socketPath: \\\\?\\pipe\\D:\\New folder\\ecommerce-app\\functions\\14368"}}
[debug] [2022-10-13T01:55:43.084Z] [worker-us-central1-api-97a5ecbd-3dfa-4b38-b7c9-f4f7521fd73b]: BUSY {"metadata":{"emulator":{"name":"functions"},"message":"[worker-us-central1-api-97a5ecbd-3dfa-4b38-b7c9-f4f7521fd73b]: BUSY"}}
[debug] [2022-10-13T01:55:45.480Z] [runtime-status] [14368] Functions runtime initialized. {"cwd":"D:\\New folder\\ecommerce-app\\functions","node_version":"14.17.3"} {"metadata":{"emulator":{"name":"functions"},"function":{"name":"us-central1-api"},"extension":{},"message":"[runtime-status] [14368] Functions runtime initialized. {\"cwd\":\"D:\\\\New folder\\\\ecommerce-app\\\\functions\",\"node_version\":\"14.17.3\"}"}}
[debug] [2022-10-13T01:55:45.481Z] [runtime-status] [14368] Disabled runtime features: undefined {"metadata":{"emulator":{"name":"functions"},"function":{"name":"us-central1-api"},"extension":{},"message":"[runtime-status] [14368] Disabled runtime features: undefined"}}
[debug] [2022-10-13T01:55:45.583Z] [runtime-status] [14368] Resolved module firebase-admin {"declared":true,"installed":true,"version":"10.3.0","resolution":"D:\\New folder\\ecommerce-app\\functions\\node_modules\\firebase-admin\\lib\\index.js"} {"metadata":{"emulator":{"name":"functions"},"function":{"name":"us-central1-api"},"extension":{},"message":"[runtime-status] [14368] Resolved module firebase-admin {\"declared\":true,\"installed\":true,\"version\":\"10.3.0\",\"resolution\":\"D:\\\\New folder\\\\ecommerce-app\\\\functions\\\\node_modules\\\\firebase-admin\\\\lib\\\\index.js\"}"}}
[debug] [2022-10-13T01:55:45.598Z] [runtime-status] [14368] Resolved module firebase-functions {"declared":true,"installed":true,"version":"3.24.1","resolution":"D:\\New folder\\ecommerce-app\\functions\\node_modules\\firebase-functions\\lib\\index.js"} {"metadata":{"emulator":{"name":"functions"},"function":{"name":"us-central1-api"},"extension":{},"message":"[runtime-status] [14368] Resolved module firebase-functions {\"declared\":true,\"installed\":true,\"version\":\"3.24.1\",\"resolution\":\"D:\\\\New folder\\\\ecommerce-app\\\\functions\\\\node_modules\\\\firebase-functions\\\\lib\\\\index.js\"}"}}
[debug] [2022-10-13T01:55:45.599Z] [runtime-status] [14368] Outgoing network have been stubbed. [{"name":"http","status":"mocked"},{"name":"http","status":"mocked"},{"name":"https","status":"mocked"},{"name":"https","status":"mocked"},{"name":"net","status":"mocked"}] {"metadata":{"emulator":{"name":"functions"},"function":{"name":"us-central1-api"},"extension":{},"message":"[runtime-status] [14368] Outgoing network have been stubbed. [{\"name\":\"http\",\"status\":\"mocked\"},{\"name\":\"http\",\"status\":\"mocked\"},{\"name\":\"https\",\"status\":\"mocked\"},{\"name\":\"https\",\"status\":\"mocked\"},{\"name\":\"net\",\"status\":\"mocked\"}]"}}
[debug] [2022-10-13T01:55:45.601Z] [runtime-status] [14368] Resolved module firebase-functions {"declared":true,"installed":true,"version":"3.24.1","resolution":"D:\\New folder\\ecommerce-app\\functions\\node_modules\\firebase-functions\\lib\\index.js"} {"metadata":{"emulator":{"name":"functions"},"function":{"name":"us-central1-api"},"extension":{},"message":"[runtime-status] [14368] Resolved module firebase-functions {\"declared\":true,\"installed\":true,\"version\":\"3.24.1\",\"resolution\":\"D:\\\\New folder\\\\ecommerce-app\\\\functions\\\\node_modules\\\\firebase-functions\\\\lib\\\\index.js\"}"}}
[debug] [2022-10-13T01:55:45.773Z] [runtime-status] [14368] Checked functions.config() {"config":{}} {"metadata":{"emulator":{"name":"functions"},"function":{"name":"us-central1-api"},"extension":{},"message":"[runtime-status] [14368] Checked functions.config() {\"config\":{}}"}}
[debug] [2022-10-13T01:55:45.774Z] [runtime-status] [14368] firebase-functions has been stubbed. {"functionsResolution":{"declared":true,"installed":true,"version":"3.24.1","resolution":"D:\\New folder\\ecommerce-app\\functions\\node_modules\\firebase-functions\\lib\\index.js"}} {"metadata":{"emulator":{"name":"functions"},"function":{"name":"us-central1-api"},"extension":{},"message":"[runtime-status] [14368] firebase-functions has been stubbed. {\"functionsResolution\":{\"declared\":true,\"installed\":true,\"version\":\"3.24.1\",\"resolution\":\"D:\\\\New folder\\\\ecommerce-app\\\\functions\\\\node_modules\\\\firebase-functions\\\\lib\\\\index.js\"}}"}}
[debug] [2022-10-13T01:55:45.774Z] [runtime-status] [14368] Resolved module firebase-functions {"declared":true,"installed":true,"version":"3.24.1","resolution":"D:\\New folder\\ecommerce-app\\functions\\node_modules\\firebase-functions\\lib\\index.js"} {"metadata":{"emulator":{"name":"functions"},"function":{"name":"us-central1-api"},"extension":{},"message":"[runtime-status] [14368] Resolved module firebase-functions {\"declared\":true,\"installed\":true,\"version\":\"3.24.1\",\"resolution\":\"D:\\\\New folder\\\\ecommerce-app\\\\functions\\\\node_modules\\\\firebase-functions\\\\lib\\\\index.js\"}"}}
[debug] [2022-10-13T01:55:45.774Z] [runtime-status] [14368] Resolved module firebase-admin {"declared":true,"installed":true,"version":"10.3.0","resolution":"D:\\New folder\\ecommerce-app\\functions\\node_modules\\firebase-admin\\lib\\index.js"} {"metadata":{"emulator":{"name":"functions"},"function":{"name":"us-central1-api"},"extension":{},"message":"[runtime-status] [14368] Resolved module firebase-admin {\"declared\":true,\"installed\":true,\"version\":\"10.3.0\",\"resolution\":\"D:\\\\New folder\\\\ecommerce-app\\\\functions\\\\node_modules\\\\firebase-admin\\\\lib\\\\index.js\"}"}}
[debug] [2022-10-13T01:55:45.775Z] [runtime-status] [14368] Resolved module firebase-functions {"declared":true,"installed":true,"version":"3.24.1","resolution":"D:\\New folder\\ecommerce-app\\functions\\node_modules\\firebase-functions\\lib\\index.js"} {"metadata":{"emulator":{"name":"functions"},"function":{"name":"us-central1-api"},"extension":{},"message":"[runtime-status] [14368] Resolved module firebase-functions {\"declared\":true,\"installed\":true,\"version\":\"3.24.1\",\"resolution\":\"D:\\\\New folder\\\\ecommerce-app\\\\functions\\\\node_modules\\\\firebase-functions\\\\lib\\\\index.js\"}"}}
[debug] [2022-10-13T01:55:45.775Z] [runtime-status] [14368] firebase-admin has been stubbed. {"adminResolution":{"declared":true,"installed":true,"version":"10.3.0","resolution":"D:\\New folder\\ecommerce-app\\functions\\node_modules\\firebase-admin\\lib\\index.js"}} {"metadata":{"emulator":{"name":"functions"},"function":{"name":"us-central1-api"},"extension":{},"message":"[runtime-status] [14368] firebase-admin has been stubbed. {\"adminResolution\":{\"declared\":true,\"installed\":true,\"version\":\"10.3.0\",\"resolution\":\"D:\\\\New folder\\\\ecommerce-app\\\\functions\\\\node_modules\\\\firebase-admin\\\\lib\\\\index.js\"}}"}}
[debug] [2022-10-13T01:55:46.080Z] [runtime-status] [14368] Beginning invocation function api! {"metadata":{"emulator":{"name":"functions"},"function":{"name":"us-central1-api"},"extension":{},"message":"[runtime-status] [14368] Beginning invocation function api!"}}
[info] i  functions: Beginning execution of "api" {"metadata":{"emulator":{"name":"functions"},"function":{"name":"us-central1-api"},"extension":{},"message":"Beginning execution of \"api\""}}
[debug] [2022-10-13T01:55:46.082Z] [runtime-status] [14368] Running api in signature http {"metadata":{"emulator":{"name":"functions"},"function":{"name":"us-central1-api"},"extension":{},"message":"[runtime-status] [14368] Running api in signature http"}}
[debug] [2022-10-13T01:55:46.085Z] [runtime-status] [14368] Attempting to listen to socketPath: \\?\pipe\D:\New folder\ecommerce-app\functions\14368 {"metadata":{"emulator":{"name":"functions"},"function":{"name":"us-central1-api"},"extension":{},"message":"[runtime-status] [14368] Attempting to listen to socketPath: \\\\?\\pipe\\D:\\New folder\\ecommerce-app\\functions\\14368"}}
[debug] [2022-10-13T01:55:46.092Z] [functions] Runtime ready! Sending request! {"metadata":{"emulator":{"name":"functions"},"message":"[functions] Runtime ready! Sending request!"}}
[debug] [2022-10-13T01:55:46.093Z] [functions] Got req.url=/challange-c0e2b/us-central1/api/payments/create?total=23920, mapping to path=/payments/create?total=23920 {"metadata":{"emulator":{"name":"functions"},"message":"[functions] Got req.url=/challange-c0e2b/us-central1/api/payments/create?total=23920, mapping to path=/payments/create?total=23920"}}
[debug] [2022-10-13T01:55:46.102Z] [runtime-status] [14368] Ephemeral server handling POST request {"metadata":{"emulator":{"name":"functions"},"function":{"name":"us-central1-api"},"extension":{},"message":"[runtime-status] [14368] Ephemeral server handling POST request"}}
[info] >  Payment Request Received >>>>>>>>>>>>>>>>>>>>>>>>>>>>>>>>>>>>>. 23920 {"user":"Payment Request Received >>>>>>>>>>>>>>>>>>>>>>>>>>>>>>>>>>>>>. 23920","metadata":{"emulator":{"name":"functions"},"function":{"name":"us-central1-api"},"extension":{},"message":"\u001b[90m> \u001b[39m Payment Request Received >>>>>>>>>>>>>>>>>>>>>>>>>>>>>>>>>>>>>. 23920"}}
[debug] [2022-10-13T01:55:46.117Z] [runtime-status] [14368] Ephemeral server survived. {"metadata":{"emulator":{"name":"functions"},"function":{"name":"us-central1-api"},"extension":{},"message":"[runtime-status] [14368] Ephemeral server survived."}}
[info] i  functions: Finished "api" in ~1s {"metadata":{"emulator":{"name":"functions"},"function":{"name":"us-central1-api"},"extension":{},"message":"Finished \"api\" in ~1s"}}
[debug] [2022-10-13T01:55:47.406Z] [worker-us-central1-api-97a5ecbd-3dfa-4b38-b7c9-f4f7521fd73b]: IDLE {"metadata":{"emulator":{"name":"functions"},"message":"[worker-us-central1-api-97a5ecbd-3dfa-4b38-b7c9-f4f7521fd73b]: IDLE"}}
[debug] [2022-10-13T01:55:47.407Z] [work-queue] {"queueLength":0,"workRunningCount":0}
[debug] [2022-10-13T01:55:52.508Z] [work-queue] {"queueLength":1,"workRunningCount":0}
[debug] [2022-10-13T01:55:52.509Z] [work-queue] {"queueLength":0,"workRunningCount":1}
[debug] [2022-10-13T01:55:52.509Z] Accepted request POST /challange-c0e2b/us-central1/api/payments/create?total=29900 --> us-central1-api
[debug] [2022-10-13T01:55:52.509Z] [worker-pool] submitWork(triggerId=us-central1-api) {"metadata":{"emulator":{"name":"functions"},"message":"[worker-pool] submitWork(triggerId=us-central1-api)"}}
[debug] [2022-10-13T01:55:52.510Z] [worker-us-central1-api-97a5ecbd-3dfa-4b38-b7c9-f4f7521fd73b]: Assigning socketPath: \\?\pipe\D:\New folder\ecommerce-app\functions\14368 {"metadata":{"emulator":{"name":"functions"},"message":"[worker-us-central1-api-97a5ecbd-3dfa-4b38-b7c9-f4f7521fd73b]: Assigning socketPath: \\\\?\\pipe\\D:\\New folder\\ecommerce-app\\functions\\14368"}}
[debug] [2022-10-13T01:55:52.510Z] [worker-us-central1-api-97a5ecbd-3dfa-4b38-b7c9-f4f7521fd73b]: BUSY {"metadata":{"emulator":{"name":"functions"},"message":"[worker-us-central1-api-97a5ecbd-3dfa-4b38-b7c9-f4f7521fd73b]: BUSY"}}
[debug] [2022-10-13T01:55:52.511Z] [runtime-status] [14368] Beginning invocation function api! {"metadata":{"emulator":{"name":"functions"},"function":{"name":"us-central1-api"},"extension":{},"message":"[runtime-status] [14368] Beginning invocation function api!"}}
[info] i  functions: Beginning execution of "api" {"metadata":{"emulator":{"name":"functions"},"function":{"name":"us-central1-api"},"extension":{},"message":"Beginning execution of \"api\""}}
[debug] [2022-10-13T01:55:52.513Z] [runtime-status] [14368] Running api in signature http {"metadata":{"emulator":{"name":"functions"},"function":{"name":"us-central1-api"},"extension":{},"message":"[runtime-status] [14368] Running api in signature http"}}
[debug] [2022-10-13T01:55:52.514Z] [runtime-status] [14368] Attempting to listen to socketPath: \\?\pipe\D:\New folder\ecommerce-app\functions\14368 {"metadata":{"emulator":{"name":"functions"},"function":{"name":"us-central1-api"},"extension":{},"message":"[runtime-status] [14368] Attempting to listen to socketPath: \\\\?\\pipe\\D:\\New folder\\ecommerce-app\\functions\\14368"}}
[debug] [2022-10-13T01:55:52.517Z] [functions] Runtime ready! Sending request! {"metadata":{"emulator":{"name":"functions"},"message":"[functions] Runtime ready! Sending request!"}}
[debug] [2022-10-13T01:55:52.518Z] [functions] Got req.url=/challange-c0e2b/us-central1/api/payments/create?total=29900, mapping to path=/payments/create?total=29900 {"metadata":{"emulator":{"name":"functions"},"message":"[functions] Got req.url=/challange-c0e2b/us-central1/api/payments/create?total=29900, mapping to path=/payments/create?total=29900"}}
[debug] [2022-10-13T01:55:52.523Z] [runtime-status] [14368] Ephemeral server handling POST request {"metadata":{"emulator":{"name":"functions"},"function":{"name":"us-central1-api"},"extension":{},"message":"[runtime-status] [14368] Ephemeral server handling POST request"}}
[info] >  Payment Request Received >>>>>>>>>>>>>>>>>>>>>>>>>>>>>>>>>>>>>. 29900 {"user":"Payment Request Received >>>>>>>>>>>>>>>>>>>>>>>>>>>>>>>>>>>>>. 29900","metadata":{"emulator":{"name":"functions"},"function":{"name":"us-central1-api"},"extension":{},"message":"\u001b[90m> \u001b[39m Payment Request Received >>>>>>>>>>>>>>>>>>>>>>>>>>>>>>>>>>>>>. 29900"}}
[debug] [2022-10-13T01:55:52.527Z] [runtime-status] [14368] Ephemeral server survived. {"metadata":{"emulator":{"name":"functions"},"function":{"name":"us-central1-api"},"extension":{},"message":"[runtime-status] [14368] Ephemeral server survived."}}
[debug] [2022-10-13T01:55:52.814Z] [work-queue] {"queueLength":1,"workRunningCount":1}
[debug] [2022-10-13T01:55:52.815Z] [work-queue] {"queueLength":0,"workRunningCount":2}
[debug] [2022-10-13T01:55:52.815Z] Accepted request POST /challange-c0e2b/us-central1/api/payments/create?total=29900 --> us-central1-api
[debug] [2022-10-13T01:55:52.826Z] [worker-pool] addWorker(us-central1-api) {"metadata":{"emulator":{"name":"functions"},"message":"[worker-pool] addWorker(us-central1-api)"}}
[debug] [2022-10-13T01:55:52.826Z] [worker-pool] Adding worker with key us-central1-api, total=2 {"metadata":{"emulator":{"name":"functions"},"message":"[worker-pool] Adding worker with key us-central1-api, total=2"}}
[debug] [2022-10-13T01:55:52.827Z] [worker-pool] submitWork(triggerId=us-central1-api) {"metadata":{"emulator":{"name":"functions"},"message":"[worker-pool] submitWork(triggerId=us-central1-api)"}}
[debug] [2022-10-13T01:55:52.827Z] [worker-us-central1-api-e1ea000c-342b-41b5-8764-5e0eab5bccb1]: Assigning socketPath: \\?\pipe\D:\New folder\ecommerce-app\functions\2248 {"metadata":{"emulator":{"name":"functions"},"message":"[worker-us-central1-api-e1ea000c-342b-41b5-8764-5e0eab5bccb1]: Assigning socketPath: \\\\?\\pipe\\D:\\New folder\\ecommerce-app\\functions\\2248"}}
[debug] [2022-10-13T01:55:52.827Z] [worker-us-central1-api-e1ea000c-342b-41b5-8764-5e0eab5bccb1]: BUSY {"metadata":{"emulator":{"name":"functions"},"message":"[worker-us-central1-api-e1ea000c-342b-41b5-8764-5e0eab5bccb1]: BUSY"}}
[info] i  functions: Finished "api" in ~1s {"metadata":{"emulator":{"name":"functions"},"function":{"name":"us-central1-api"},"extension":{},"message":"Finished \"api\" in ~1s"}}
[debug] [2022-10-13T01:55:53.900Z] [worker-us-central1-api-97a5ecbd-3dfa-4b38-b7c9-f4f7521fd73b]: IDLE {"metadata":{"emulator":{"name":"functions"},"message":"[worker-us-central1-api-97a5ecbd-3dfa-4b38-b7c9-f4f7521fd73b]: IDLE"}}
[debug] [2022-10-13T01:55:53.900Z] [work-queue] {"queueLength":0,"workRunningCount":1}
[debug] [2022-10-13T01:55:55.427Z] [runtime-status] [2248] Functions runtime initialized. {"cwd":"D:\\New folder\\ecommerce-app\\functions","node_version":"14.17.3"} {"metadata":{"emulator":{"name":"functions"},"function":{"name":"us-central1-api"},"extension":{},"message":"[runtime-status] [2248] Functions runtime initialized. {\"cwd\":\"D:\\\\New folder\\\\ecommerce-app\\\\functions\",\"node_version\":\"14.17.3\"}"}}
[debug] [2022-10-13T01:55:55.433Z] [runtime-status] [2248] Disabled runtime features: undefined {"metadata":{"emulator":{"name":"functions"},"function":{"name":"us-central1-api"},"extension":{},"message":"[runtime-status] [2248] Disabled runtime features: undefined"}}
[debug] [2022-10-13T01:55:55.436Z] [runtime-status] [2248] Resolved module firebase-admin {"declared":true,"installed":true,"version":"10.3.0","resolution":"D:\\New folder\\ecommerce-app\\functions\\node_modules\\firebase-admin\\lib\\index.js"} {"metadata":{"emulator":{"name":"functions"},"function":{"name":"us-central1-api"},"extension":{},"message":"[runtime-status] [2248] Resolved module firebase-admin {\"declared\":true,\"installed\":true,\"version\":\"10.3.0\",\"resolution\":\"D:\\\\New folder\\\\ecommerce-app\\\\functions\\\\node_modules\\\\firebase-admin\\\\lib\\\\index.js\"}"}}
[debug] [2022-10-13T01:55:55.439Z] [runtime-status] [2248] Resolved module firebase-functions {"declared":true,"installed":true,"version":"3.24.1","resolution":"D:\\New folder\\ecommerce-app\\functions\\node_modules\\firebase-functions\\lib\\index.js"} {"metadata":{"emulator":{"name":"functions"},"function":{"name":"us-central1-api"},"extension":{},"message":"[runtime-status] [2248] Resolved module firebase-functions {\"declared\":true,\"installed\":true,\"version\":\"3.24.1\",\"resolution\":\"D:\\\\New folder\\\\ecommerce-app\\\\functions\\\\node_modules\\\\firebase-functions\\\\lib\\\\index.js\"}"}}
[debug] [2022-10-13T01:55:55.439Z] [runtime-status] [2248] Outgoing network have been stubbed. [{"name":"http","status":"mocked"},{"name":"http","status":"mocked"},{"name":"https","status":"mocked"},{"name":"https","status":"mocked"},{"name":"net","status":"mocked"}] {"metadata":{"emulator":{"name":"functions"},"function":{"name":"us-central1-api"},"extension":{},"message":"[runtime-status] [2248] Outgoing network have been stubbed. [{\"name\":\"http\",\"status\":\"mocked\"},{\"name\":\"http\",\"status\":\"mocked\"},{\"name\":\"https\",\"status\":\"mocked\"},{\"name\":\"https\",\"status\":\"mocked\"},{\"name\":\"net\",\"status\":\"mocked\"}]"}}
[debug] [2022-10-13T01:55:55.440Z] [runtime-status] [2248] Resolved module firebase-functions {"declared":true,"installed":true,"version":"3.24.1","resolution":"D:\\New folder\\ecommerce-app\\functions\\node_modules\\firebase-functions\\lib\\index.js"} {"metadata":{"emulator":{"name":"functions"},"function":{"name":"us-central1-api"},"extension":{},"message":"[runtime-status] [2248] Resolved module firebase-functions {\"declared\":true,\"installed\":true,\"version\":\"3.24.1\",\"resolution\":\"D:\\\\New folder\\\\ecommerce-app\\\\functions\\\\node_modules\\\\firebase-functions\\\\lib\\\\index.js\"}"}}
[debug] [2022-10-13T01:55:55.499Z] [runtime-status] [2248] Checked functions.config() {"config":{}} {"metadata":{"emulator":{"name":"functions"},"function":{"name":"us-central1-api"},"extension":{},"message":"[runtime-status] [2248] Checked functions.config() {\"config\":{}}"}}
[debug] [2022-10-13T01:55:55.500Z] [runtime-status] [2248] firebase-functions has been stubbed. {"functionsResolution":{"declared":true,"installed":true,"version":"3.24.1","resolution":"D:\\New folder\\ecommerce-app\\functions\\node_modules\\firebase-functions\\lib\\index.js"}} {"metadata":{"emulator":{"name":"functions"},"function":{"name":"us-central1-api"},"extension":{},"message":"[runtime-status] [2248] firebase-functions has been stubbed. {\"functionsResolution\":{\"declared\":true,\"installed\":true,\"version\":\"3.24.1\",\"resolution\":\"D:\\\\New folder\\\\ecommerce-app\\\\functions\\\\node_modules\\\\firebase-functions\\\\lib\\\\index.js\"}}"}}
[debug] [2022-10-13T01:55:55.500Z] [runtime-status] [2248] Resolved module firebase-functions {"declared":true,"installed":true,"version":"3.24.1","resolution":"D:\\New folder\\ecommerce-app\\functions\\node_modules\\firebase-functions\\lib\\index.js"} {"metadata":{"emulator":{"name":"functions"},"function":{"name":"us-central1-api"},"extension":{},"message":"[runtime-status] [2248] Resolved module firebase-functions {\"declared\":true,\"installed\":true,\"version\":\"3.24.1\",\"resolution\":\"D:\\\\New folder\\\\ecommerce-app\\\\functions\\\\node_modules\\\\firebase-functions\\\\lib\\\\index.js\"}"}}
[debug] [2022-10-13T01:55:55.502Z] [runtime-status] [2248] Resolved module firebase-admin {"declared":true,"installed":true,"version":"10.3.0","resolution":"D:\\New folder\\ecommerce-app\\functions\\node_modules\\firebase-admin\\lib\\index.js"} {"metadata":{"emulator":{"name":"functions"},"function":{"name":"us-central1-api"},"extension":{},"message":"[runtime-status] [2248] Resolved module firebase-admin {\"declared\":true,\"installed\":true,\"version\":\"10.3.0\",\"resolution\":\"D:\\\\New folder\\\\ecommerce-app\\\\functions\\\\node_modules\\\\firebase-admin\\\\lib\\\\index.js\"}"}}
[debug] [2022-10-13T01:55:55.503Z] [runtime-status] [2248] Resolved module firebase-functions {"declared":true,"installed":true,"version":"3.24.1","resolution":"D:\\New folder\\ecommerce-app\\functions\\node_modules\\firebase-functions\\lib\\index.js"} {"metadata":{"emulator":{"name":"functions"},"function":{"name":"us-central1-api"},"extension":{},"message":"[runtime-status] [2248] Resolved module firebase-functions {\"declared\":true,\"installed\":true,\"version\":\"3.24.1\",\"resolution\":\"D:\\\\New folder\\\\ecommerce-app\\\\functions\\\\node_modules\\\\firebase-functions\\\\lib\\\\index.js\"}"}}
[debug] [2022-10-13T01:55:55.504Z] [runtime-status] [2248] firebase-admin has been stubbed. {"adminResolution":{"declared":true,"installed":true,"version":"10.3.0","resolution":"D:\\New folder\\ecommerce-app\\functions\\node_modules\\firebase-admin\\lib\\index.js"}} {"metadata":{"emulator":{"name":"functions"},"function":{"name":"us-central1-api"},"extension":{},"message":"[runtime-status] [2248] firebase-admin has been stubbed. {\"adminResolution\":{\"declared\":true,\"installed\":true,\"version\":\"10.3.0\",\"resolution\":\"D:\\\\New folder\\\\ecommerce-app\\\\functions\\\\node_modules\\\\firebase-admin\\\\lib\\\\index.js\"}}"}}
[debug] [2022-10-13T01:55:55.713Z] [runtime-status] [2248] Beginning invocation function api! {"metadata":{"emulator":{"name":"functions"},"function":{"name":"us-central1-api"},"extension":{},"message":"[runtime-status] [2248] Beginning invocation function api!"}}
[info] i  functions: Beginning execution of "api" {"metadata":{"emulator":{"name":"functions"},"function":{"name":"us-central1-api"},"extension":{},"message":"Beginning execution of \"api\""}}
[debug] [2022-10-13T01:55:55.716Z] [runtime-status] [2248] Running api in signature http {"metadata":{"emulator":{"name":"functions"},"function":{"name":"us-central1-api"},"extension":{},"message":"[runtime-status] [2248] Running api in signature http"}}
[debug] [2022-10-13T01:55:55.722Z] [runtime-status] [2248] Attempting to listen to socketPath: \\?\pipe\D:\New folder\ecommerce-app\functions\2248 {"metadata":{"emulator":{"name":"functions"},"function":{"name":"us-central1-api"},"extension":{},"message":"[runtime-status] [2248] Attempting to listen to socketPath: \\\\?\\pipe\\D:\\New folder\\ecommerce-app\\functions\\2248"}}
[debug] [2022-10-13T01:55:55.728Z] [functions] Runtime ready! Sending request! {"metadata":{"emulator":{"name":"functions"},"message":"[functions] Runtime ready! Sending request!"}}
[debug] [2022-10-13T01:55:55.728Z] [functions] Got req.url=/challange-c0e2b/us-central1/api/payments/create?total=29900, mapping to path=/payments/create?total=29900 {"metadata":{"emulator":{"name":"functions"},"message":"[functions] Got req.url=/challange-c0e2b/us-central1/api/payments/create?total=29900, mapping to path=/payments/create?total=29900"}}
[debug] [2022-10-13T01:55:55.740Z] [runtime-status] [2248] Ephemeral server handling POST request {"metadata":{"emulator":{"name":"functions"},"function":{"name":"us-central1-api"},"extension":{},"message":"[runtime-status] [2248] Ephemeral server handling POST request"}}
[info] >  Payment Request Received >>>>>>>>>>>>>>>>>>>>>>>>>>>>>>>>>>>>>. 29900 {"user":"Payment Request Received >>>>>>>>>>>>>>>>>>>>>>>>>>>>>>>>>>>>>. 29900","metadata":{"emulator":{"name":"functions"},"function":{"name":"us-central1-api"},"extension":{},"message":"\u001b[90m> \u001b[39m Payment Request Received >>>>>>>>>>>>>>>>>>>>>>>>>>>>>>>>>>>>>. 29900"}}
[debug] [2022-10-13T01:55:55.760Z] [runtime-status] [2248] Ephemeral server survived. {"metadata":{"emulator":{"name":"functions"},"function":{"name":"us-central1-api"},"extension":{},"message":"[runtime-status] [2248] Ephemeral server survived."}}
[info] i  functions: Finished "api" in ~7s {"metadata":{"emulator":{"name":"functions"},"function":{"name":"us-central1-api"},"extension":{},"message":"Finished \"api\" in ~7s"}}
[debug] [2022-10-13T01:56:02.903Z] [worker-us-central1-api-e1ea000c-342b-41b5-8764-5e0eab5bccb1]: IDLE {"metadata":{"emulator":{"name":"functions"},"message":"[worker-us-central1-api-e1ea000c-342b-41b5-8764-5e0eab5bccb1]: IDLE"}}
[debug] [2022-10-13T01:56:02.904Z] [work-queue] {"queueLength":0,"workRunningCount":0}
[debug] [2022-10-13T02:06:37.261Z] [worker-us-central1-api-e1ea000c-342b-41b5-8764-5e0eab5bccb1]: exited {"metadata":{"emulator":{"name":"functions"},"message":"[worker-us-central1-api-e1ea000c-342b-41b5-8764-5e0eab5bccb1]: exited"}}
[debug] [2022-10-13T02:06:37.262Z] [worker-us-central1-api-e1ea000c-342b-41b5-8764-5e0eab5bccb1]: FINISHED {"metadata":{"emulator":{"name":"functions"},"message":"[worker-us-central1-api-e1ea000c-342b-41b5-8764-5e0eab5bccb1]: FINISHED"}}
[debug] [2022-10-13T02:06:37.278Z] [worker-us-central1-api-97a5ecbd-3dfa-4b38-b7c9-f4f7521fd73b]: exited {"metadata":{"emulator":{"name":"functions"},"message":"[worker-us-central1-api-97a5ecbd-3dfa-4b38-b7c9-f4f7521fd73b]: exited"}}
